0.33395
957 (1184) [O]
http://www.amazon.com/exec/obidos/redirect-home/youdebatecom
Amazon.com--Earth's Biggest Selection
114 0

0.33395
938 (1165) [O]
http://www5.dimeclicks.com
DimeClicks.com - Complete Web and Marketing Solutions
114 0

0.33395
966 (1193) [O]
http://rd1.hitbox.com/rd?acct=WQ590703J6FB45EN5
HitBox.com - hitbox web site traffic counter - internet statistics and site promotion tools - WebSideStory
114 0

0.33296
960 (1187) [O]
http://www.amazon.com/exec/obidos/redirect?tag=youdebatecom&amp;path=subst/electronics/misc/top-sellers.html
Amazon.com--Earth's Biggest Selection
113 0

0.33296
961 (1188) [O]
http://www.amazon.com/exec/obidos/redirect?tag=youdebatecom&path=subst/electronics/software/home.html
Amazon.com Software
113 0
