0.07622
0.05027
0.05351
0.08000
0.02811
0.06541
0.05676
0.02216
0.03946
0.04973
0.02865
0.03081
0.02000
0.02595
0.00541
0.04811
0.01676
0.01568
0.00757
0.01135
0.01946
0.00541
0.02216
0.01946
0.00811
0.01081
0.04595
0.00595
0.00432
0.01027
0.00216
0.00054
0.00054
0.00000
0.00541
0.00865
0.00162
0.00324
0.00649
0.00432
0.00108
0.02270
0.00162
0.03297
0.00649
0.00162
0.00000
0.01405
0.00108
0.00378
0.00811
0.00270
0.00108
0.00108
0.00054
0.02216
0.00432
0.00162
0.00811
0.00000
0.00811
0.00216
0.00216
0.00162
0.00108
0.01784
0.00000
0.00216
0.00324
0.00108
0.00270
0.00000
0.00324
0.00108
0.01243
0.00054
0.00000
0.00054
0.00108
0.00108
0.00270
0.00000
0.00054
0.00000
0.00108
0.00054
0.00703
0.00054
0.00108
0.00162
0.00054
0.00054
0.00054
0.02595
0.00108
0.00432
0.00054
0.00162
0.00486
0.00216
0.00000
0.00162
0.00000
0.00054
0.00000
0.01838
0.01459
0.00432
0.01568
0.01676
0.00757
0.00811
0.00595
0.02595
0.00270
0.00054
0.00000
0.00108
0.00108
0.00108
0.00000
0.00595
0.00000
0.00486
0.00054
0.00108
0.00108
0.00216
0.00486
0.04919
0.00108
0.00162
0.02270
0.00000
0.00108
0.00000
0.02486
0.00000
0.00000
0.02703
0.00270
0.00000
0.02649
0.00162
0.00108
0.00378
0.00324
0.00000
0.00000
0.00000
0.00054
0.00000
0.00000
0.00000
0.00000
0.00000
0.00000
0.00000
0.00000
0.00000
0.00000
0.00000
0.00000
0.00000
0.00486
0.00000
0.00000
0.00108
0.00054
0.00000
0.00000
0.00000
0.00000
0.00000
0.00000
0.00000
0.00000
0.00000
0.00000
0.00000
0.00000
0.00270
0.01351
0.00108
0.00162
0.00108
0.00324
0.00270
0.00000
0.00000
0.00000
0.00000
0.00000
0.00000
0.00000
0.00000
0.00000
0.00000
0.00000
0.00000
0.00000
0.00000
0.00000
0.00000
0.00000
0.00000
0.00000
0.00000
0.00054
0.01027
0.00000
0.00000
0.00000
0.00000
0.00000
0.00054
0.00054
0.00054
0.00054
0.00054
0.00108
0.00054
0.00054
0.00054
0.00108
0.00108
0.00108
0.00054
0.00054
0.00054
0.00054
0.00432
0.00000
0.00000
0.00000
0.00000
0.00108
0.00000
0.00000
0.00000
0.00000
0.00000
0.00000
0.00000
0.00000
0.00000
0.00054
0.00000
0.00000
0.00000
0.00000
0.00000
0.00000
0.00000
0.00000
0.00000
0.00000
0.00000
0.00000
0.00000
0.00811
0.00108
0.00108
0.00108
0.01135
0.00000
0.00000
0.00000
0.00000
0.00000
0.00000
0.00000
0.00000
0.00054
0.00000
0.00000
0.00000
0.00378
0.00000
0.00000
0.00000
0.00000
0.00000
0.00000
0.00000
0.00000
0.00000
0.00000
0.00865
0.00432
0.00865
0.00432
0.00054
0.00000
0.00000
0.00000
0.00108
0.00054
0.00000
0.00000
0.00000
0.00054
0.00000
0.00000
0.00000
0.00000
0.00000
0.00000
0.00000
0.00000
0.00000
0.00000
0.00000
0.00000
0.00000
0.00108
0.00000
0.00000
0.00000
0.00000
0.00000
0.00000
0.00216
0.00162
0.00054
0.00108
0.00000
0.00108
0.00000
0.00000
0.00000
0.00000
0.00000
0.00000
0.00000
0.00000
0.00216
0.00000
0.00000
0.00000
0.00000
0.00000
0.00000
0.00000
0.00000
0.00000
0.00000
0.00000
0.00000
0.00000
0.00000
0.00000
0.00000
0.00000
0.00000
0.00000
0.00000
0.00000
0.00000
0.00000
0.00000
0.00000
0.00000
0.00000
0.00054
0.00000
0.00000
0.00000
0.00649
0.00000
0.00000
0.00000
0.00000
0.00000
0.00000
0.00054
0.00000
0.00000
0.00000
0.01568
0.01459
0.00162
0.00432
0.02919
0.01838
0.00270
0.00108
0.00378
0.01405
0.00324
0.00432
0.00216
0.00324
0.02541
0.00703
0.00270
0.00000
0.00000
0.00000
0.00000
0.00000
0.00000
0.00000
0.00000
0.00054
0.00000
0.00000
0.00000
0.00000
0.00000
0.00000
0.00000
0.00000
0.00000
0.00000
0.00000
0.00000
0.00000
0.00000
0.00054
0.00000
0.00000
0.00000
0.00000
0.00000
0.00054
0.00054
0.00054
0.00054
0.00000
0.00216
0.00054
0.00000
0.00000
0.00000
0.00000
0.00000
0.00000
0.00541
0.00054
0.00000
0.00000
0.00000
0.00000
0.00595
0.00000
0.00000
0.00000
0.00000
0.00000
0.00216
0.00000
0.00000
0.00000
0.00000
0.00000
0.00000
0.00000
0.00000
0.00000
0.00000
0.00054
0.00108
0.00054
0.00162
0.00000
0.00000
0.00000
0.00000
0.00000
0.00000
0.00000
0.00000
0.00000
0.00000
0.00000
0.00000
0.00000
0.00000
0.00000
0.00000
0.00270
0.00000
0.00000
0.00054
0.00000
0.00000
0.00378
0.00054
0.00270
0.00000
0.00000
0.00000
0.00000
0.00000
0.00000
0.00054
0.00000
0.00000
0.00000
0.00000
0.00000
0.00000
0.00000
0.00000
0.00000
0.00000
0.00108
0.00000
0.00000
0.00162
0.00108
0.03459
0.00054
0.00270
0.00486
0.03405
0.00270
0.00054
0.00000
0.00000
0.00000
0.00054
0.00000
0.00000
0.00000
0.00000
0.00000
0.00000
0.00000
0.00000
0.00000
0.00000
0.00000
0.00000
0.02432
0.01459
0.00811
0.02432
0.00162
0.00054
0.00000
0.00000
0.00054
0.00108
0.00000
0.00000
0.00000
0.00000
0.00000
0.00000
0.00216
0.00000
0.00000
0.00000
0.00000
0.00000
0.00216
0.00108
0.00054
0.00000
0.00000
0.00000
0.00000
0.00000
0.00000
0.00000
0.00000
0.00054
0.00000
0.00216
0.00000
0.00000
0.00000
0.00000
0.00054
0.00000
0.00000
0.00054
0.00324
0.00324
0.00054
0.00324
0.00000
0.00000
0.00000
0.00216
0.00811
0.00162
0.00000
0.00162
0.00000
0.00000
0.00000
0.00000
0.00000
0.00216
0.00216
0.00000
0.00216
0.00000
0.00000
0.00000
0.00432
0.00000
0.00000
0.00000
0.00270
0.00541
0.00054
0.00000
0.00000
0.00000
0.00000
0.00000
0.00000
0.00000
0.00054
0.00000
0.00000
0.00000
0.00000
0.00054
0.00054
0.00054
0.00000
0.00000
0.00000
0.00000
0.00000
0.00108
0.00000
0.00000
0.00000
0.00000
0.00000
0.00054
0.00595
0.00000
0.00000
0.00000
0.00000
0.00054
0.00000
0.00000
0.00000
0.00000
0.00000
0.00595
0.00919
0.00000
0.00000
0.00000
0.00000
0.00054
0.00000
0.00000
0.00000
0.00000
0.00000
0.00162
0.00000
0.00000
0.00000
0.00000
0.00000
0.00000
0.00216
0.00000
0.00000
0.00000
0.00000
0.00108
0.00054
0.00000
0.00000
0.00378
0.00054
0.00054
0.00054
0.01459
0.00108
0.00432
0.01784
0.00378
0.00378
0.00162
0.00432
0.00703
0.00054
0.00000
0.00432
0.00000
0.00000
0.00000
0.00000
0.00108
0.00054
0.00000
0.00000
0.00054
0.00000
0.00054
0.00000
0.00054
0.00000
0.00054
0.00000
0.00000
0.00000
0.00000
0.00000
0.00000
0.00000
0.00000
0.00000
0.00000
0.00000
0.00054
0.00000
0.00162
0.00000
0.00000
0.00000
0.00000
0.00000
0.00108
0.00054
0.00054
0.00054
0.00000
0.00000
0.00000
0.00000
0.01351
0.00324
0.00054
0.00054
0.00000
0.00000
0.00000
0.00000
0.00000
0.00000
0.00000
0.00000
0.00000
0.00000
0.00000
0.00000
0.00000
0.00000
0.00000
0.00000
0.00000
0.00000
0.00000
0.00000
0.00000
0.00000
0.01243
0.00270
0.00378
0.00216
0.00162
0.01514
0.00703
0.00270
0.00108
0.00108
0.00865
0.00108
0.00649
0.00108
0.00108
0.00000
0.00000
0.00000
0.00000
0.00000
0.00270
0.00000
0.00000
0.00162
0.00000
0.00000
0.00000
0.00000
0.00000
0.00000
0.00000
0.00054
0.00054
0.00000
0.00000
0.00054
0.00162
0.00541
0.00162
0.00378
0.00432
0.00595
0.00054
0.00432
0.00054
0.00270
0.00000
0.00054
0.00000
0.00000
0.00054
0.00054
0.00054
0.00054
0.00216
0.00054
0.00108
0.00000
0.00000
0.00000
0.00000
0.00000
0.00000
0.00000
0.00108
0.00108
0.00000
0.00054
0.00000
0.00000
0.00054
0.00000
0.00000
0.00000
0.00000
0.00000
0.00108
0.00054
0.00865
0.00000
0.00000
0.00000
0.00000
0.00000
0.00000
0.00054
0.00432
0.00162
0.01243
0.00865
0.00108
0.00108
0.00000
0.00649
0.00000
0.00054
0.00000
0.00000
0.00000
0.00000
0.00000
0.00000
0.00000
0.00108
0.00000
0.00000
0.00000
0.00000
0.00000
0.00000
0.00000
0.00000
0.00000
0.00000
0.00000
0.00000
0.00000
0.00054
0.00108
0.00108
0.00054
0.00108
0.00108
0.01784
0.00865
0.00054
0.00108
0.00108
0.00108
0.00000
0.00000
0.00324
0.00054
0.00108
0.00919
0.00919
0.00865
0.00054
0.00054
0.00054
0.00000
0.00000
0.00000
0.00000
0.00000
0.00000
0.00000
0.00000
0.00000
0.00000
0.00000
0.00432
0.00000
0.00000
0.00000
0.00649
0.00162
0.00000
0.00000
0.00108
0.00000
0.00000
0.00000
0.00000
0.00000
0.00000
0.00000
0.00000
0.00000
0.00000
0.00000
0.00054
0.00000
0.01622
0.00162
0.00054
0.00000
0.00000
0.00000
0.00000
0.00000
0.00054
0.00054
0.00054
0.00054
0.00000
0.00000
0.00000
0.00000
0.00000
0.00000
0.00000
0.00000
0.00000
0.00649
0.00378
0.00270
0.00000
0.00000
0.00000
0.00000
0.00000
0.00000
0.00000
0.00000
0.00054
0.00054
0.00000
0.00000
0.00000
0.00108
0.00054
0.00054
0.00054
0.00108
0.00054
0.00162
0.00054
0.00054
0.00054
0.00054
0.00054
0.00054
0.00811
0.00054
0.00757
0.00432
0.00000
0.00000
0.00000
0.00000
0.04054
0.06432
0.00162
0.00162
0.00162
0.00162
0.00216
0.00162
0.00216
0.00216
0.00162
0.00162
0.00216
0.00216
0.00216
0.00216
0.00216
0.00216
0.00216
0.00216
0.00216
0.00216
0.00216
0.00216
0.00216
0.00216
0.00216
0.00216
0.00216
0.00216
0.00216
0.00216
0.00216
0.00216
0.00216
0.00216
0.00216
0.00216
0.00216
0.00216
0.00216
0.00216
0.00216
0.00216
0.00216
0.00216
0.00216
0.00216
0.00216
0.00216
0.00216
0.00216
0.00216
0.00216
0.00216
0.00216
0.00216
0.00216
0.00216
0.00216
0.00216
0.00216
0.00216
0.00216
0.00216
0.00216
0.00216
0.00216
0.00216
0.00216
0.00216
0.00216
0.00216
0.00216
0.00216
0.00216
0.00216
0.00216
0.00216
0.00216
0.00216
0.00162
0.00162
0.00216
0.00000
0.00000
0.00216
0.00000
0.00000
0.00054
0.00000
0.00000
0.00000
0.00000
0.00000
0.00000
0.00054
0.00054
0.00108
0.00000
0.00216
0.00216
0.00324
0.00432
0.00270
0.00865
0.01784
0.01676
0.02432
0.00000
0.00000
0.00000
0.00000
0.00000
0.00000
0.00703
0.00000
0.00000
0.00108
0.00000
0.00000
0.00000
0.00000
0.00054
0.00108
0.00054
0.00000
0.00000
0.00000
0.00000
0.00000
0.00000
0.00054
0.00595
0.00108
0.00108
0.00108
0.00324
0.01297
0.00000
0.00054
0.00000
0.00000
0.00595
0.00054
0.00108
0.00378
0.00000
0.00000
0.00270
0.00054
0.00000
0.00162
0.00108
0.00108
0.00000
0.00000
0.00000
0.00000
0.00000
0.00000
0.00000
0.00000
0.00000
0.00054
0.00000
0.00000
0.00000
0.00000
0.00000
0.00054
0.00054
0.00054
0.00054
0.00054
0.00162
0.00108
0.00324
0.00000
0.00108
0.00054
0.00054
0.00000
0.00000
0.00000
0.00000
0.00000
0.00000
0.00000
0.00000
0.00270
0.00108
0.00757
0.00162
0.00108
0.00216
0.00108
0.00108
0.00108
0.00108
0.00108
0.00324
0.00324
0.00270
0.00378
0.00108
0.00324
0.00270
0.00054
0.00054
0.00054
0.00054
0.00054
0.00054
0.00054
0.00541
0.00000
0.00000
0.00000
0.00054
0.00486
0.00486
0.00000
0.00000
0.00108
0.00000
0.00054
0.00000
0.00000
0.00324
0.00000
0.00162
0.00000
0.00054
0.00000
0.00000
0.00000
0.00216
0.00270
0.00162
0.00000
0.00000
0.00000
0.00054
0.00000
0.00000
0.00000
0.00054
0.00054
0.00108
0.00054
0.00108
0.00054
0.00054
0.01730
0.00162
0.01351
0.00270
0.00054
0.00108
0.01568
0.01568
0.00270
0.00162
0.00000
0.00054
0.00000
0.00324
0.00270
0.00216
0.00270
0.00378
0.00378
0.00378
0.00432
0.00270
0.00270
0.00378
0.00595
0.01243
0.00324
0.00054
0.00000
0.00000
0.00595
0.00216
0.00054
0.00595
0.00000
0.00054
0.00000
0.00000
0.00000
0.00000
0.00000
0.00000
0.00000
0.00000
0.00000
0.00000
0.00000
0.00000
0.00486
0.00000
0.00000
0.00000
0.00811
0.00000
0.00378
0.00649
0.00595
0.00108
0.00162
0.00162
0.00649
0.00162
0.00162
0.00162
0.00054
0.00054
0.00108
0.00811
0.00054
0.00054
0.00162
0.00054
0.00054
0.00162
0.00162
0.00162
0.00162
0.00162
0.00054
0.00000
0.00054
0.00000
0.00595
0.00000
0.00108
0.00216
0.00054
0.00054
0.00000
0.00054
0.00000
0.00000
0.00054
0.00054
0.00054
0.00000
0.00162
0.00000
0.00054
0.00000
0.00000
0.00000
0.00000
0.00108
0.00000
0.00000
0.00000
0.00000
0.00324
0.00108
0.00108
0.00108
0.01459
0.00108
0.00216
0.00270
0.00108
0.00108
0.01514
0.00108
0.00054
0.00054
0.00054
0.00054
0.00054
0.00054
0.00054
0.00000
0.00054
0.00162
0.00486
0.00054
0.00000
0.00000
0.00000
0.00000
0.00054
0.00270
0.02432
0.00108
0.00432
0.00162
0.00162
0.00054
0.00054
0.00324
0.01784
0.00108
0.00162
0.00054
0.00595
0.00919
0.00054
0.00054
0.00054
0.00000
0.00054
0.00000
0.00000
0.00000
0.00000
0.00324
0.00324
0.00054
0.00054
0.00000
0.00000
0.00000
0.00000
0.00000
0.00432
0.00000
0.00108
0.00108
0.00108
0.00108
0.00000
0.00000
0.00000
0.00000
0.00000
0.00108
0.00000
0.00000
0.00054
0.00000
0.00270
0.00000
0.00378
0.00000
0.00000
0.00000
0.00108
0.00000
0.00000
0.00000
0.00000
0.00000
0.00054
0.00000
0.00216
0.00054
0.00000
0.00000
0.00054
0.00000
0.00000
0.00000
0.00000
0.00378
0.00000
0.00541
0.00000
0.00108
0.00054
0.00270
0.00162
0.00108
0.00000
0.00000
0.00000
0.00108
0.00000
0.00000
0.00000
0.00000
0.00000
0.00000
0.00000
0.00000
0.00000
0.00000
0.00000
0.00000
0.00000
0.00216
0.00000
0.00000
0.00000
0.00000
0.00000
0.00216
0.00000
0.00000
0.00000
0.00000
0.00000
0.00000
0.00000
0.00000
0.00000
0.00000
0.00000
0.00000
0.00108
0.00054
0.00054
0.00054
0.00054
0.00054
0.00000
0.00811
0.00054
0.00000
0.00000
0.00000
0.00108
0.00000
0.00000
0.00000
0.00054
0.00000
0.00000
0.00324
0.00000
0.01243
0.00270
0.00000
0.00000
0.00000
0.00000
0.00000
0.00703
0.00000
0.00000
0.00000
0.00000
0.00000
0.00000
0.00000
0.00000
0.00000
0.00000
0.00000
0.00378
0.00216
0.00216
0.00324
0.00162
0.00000
0.00324
0.00324
0.00000
0.00162
0.00000
0.00000
0.00000
0.00000
0.00000
0.00000
0.00000
0.00432
0.00108
0.00108
0.00054
0.00054
0.00108
0.00000
0.00054
0.00054
0.00054
0.00054
0.00054
0.00216
0.00054
0.00054
0.00054
0.00054
0.00270
0.00054
0.00054
0.00054
0.00054
0.00054
0.00054
0.00054
0.00216
0.00108
0.00000
0.00000
0.00000
0.00000
0.00000
0.00054
0.00378
0.00216
0.00054
0.00108
0.00054
0.00000
0.00000
0.00000
0.00000
0.00000
0.00000
0.00054
0.00162
0.00865
0.00054
0.00054
0.00000
0.00000
0.00000
0.00000
0.00811
0.00432
0.00811
0.00703
0.00324
0.00054
0.00432
0.00054
0.00000
0.00000
0.00000
0.00000
0.00000
0.00054
0.00000
0.00000
0.00000
0.00000
0.00000
0.00054
0.00054
0.00054
0.04216
0.00108
0.00054
0.00216
0.00486
0.00000
0.00270
0.00270
0.00324
0.00270
0.00216
0.00216
0.00216
0.00216
0.00216
0.00216
0.00216
0.00216
0.00216
0.00324
0.00324
0.01351
0.00324
0.00108
0.00108
0.00270
0.00216
0.00216
0.00324
0.00216
0.01405
0.00108
0.00216
0.00162
0.00162
0.00486
0.00216
0.00162
0.00162
0.01027
0.00108
0.00108
0.00270
0.00595
0.00216
0.00324
0.00162
0.00270
0.00270
0.00270
0.00216
0.00108
0.00432
0.00216
0.00216
0.00162
0.00162
0.01351
0.00108
0.00108
0.00378
0.00162
0.00703
0.00270
0.00108
0.01459
0.00216
0.00000
0.00000
0.00000
0.00000
0.00000
0.00000
0.00000
0.00000
0.00054
0.00000
0.00000
0.00054
0.00054
0.00486
0.00270
0.00270
0.00270
0.00270
0.00270
0.00270
0.00270
0.00054
0.00270
0.00054
0.00054
0.00054
0.00054
0.00054
0.00054
0.00054
0.00054
0.00162
0.00270
0.00270
0.00270
0.00270
0.00270
0.00270
0.00270
0.00270
0.00270
0.00270
0.00270
0.00270
0.00270
0.00270
0.00000
0.00000
0.00054
0.00054
0.00108
0.00054
0.00054
0.00108
0.00108
0.00108
0.00108
0.00108
0.00108
0.00108
0.00108
0.00108
0.00162
0.01568
0.00108
0.00108
0.00108
0.00595
0.00865
0.00108
0.00108
0.00108
0.00108
0.00108
0.00108
0.00108
0.00108
0.00000
0.00000
0.00000
0.00000
0.00000
0.00000
0.00000
0.00000
0.00000
0.00000
0.00000
0.00000
0.00000
0.00000
0.00000
0.00000
0.00000
0.00541
0.00054
0.00000
0.00054
0.00162
0.00054
0.00054
0.00054
0.00054
0.00108
0.00108
0.00054
0.00054
0.00054
0.00054
0.00054
0.00054
0.00054
0.00054
0.00054
0.00054
0.00054
0.00054
0.00108
0.00054
0.00054
0.00108
0.00108
0.00054
0.00054
0.00378
0.00108
0.00054
0.00108
0.00108
0.00324
0.00216
0.00757
0.00054
0.00432
0.00054
0.00162
0.00000
0.00000
0.00000
0.00162
0.00486
0.00000
0.00000
0.00000
0.00000
0.00000
0.00054
0.00108
0.00108
0.01243
0.00000
0.00000
