0.00628
0.00375
0.02032
0.00586
0.00310
0.00522
0.00506
0.00297
0.00337
0.00418
0.00250
0.00266
0.00106
0.00116
0.00040
0.00519
0.00159
0.00164
0.00121
0.00216
0.00268
0.00120
0.00111
0.00178
0.00045
0.00087
0.00377
0.00076
0.00056
0.00191
0.00030
0.00048
0.00028
0.00026
0.00099
0.00116
0.00071
0.00056
0.00092
0.00078
0.00027
0.00732
0.00035
0.00241
0.00104
0.00061
0.00026
0.00097
0.00071
0.00050
0.00140
0.00035
0.00035
0.00028
0.00028
0.00252
0.00076
0.00062
0.00142
0.00026
0.00064
0.00036
0.00049
0.00150
0.00029
0.00208
0.00026
0.00066
0.00160
0.00033
0.00048
0.00026
0.00037
0.00029
0.00126
0.00034
0.00026
0.00034
0.00031
0.00049
0.00048
0.00026
0.00027
0.00026
0.00030
0.00048
0.00079
0.00048
0.00028
0.00030
0.00048
0.00048
0.00048
0.00169
0.00033
0.00064
0.00027
0.00028
0.00069
0.00104
0.00026
0.00030
0.00026
0.00030
0.00026
0.00255
0.00178
0.00081
0.00264
0.00192
0.00218
0.00141
0.00046
0.00214
0.00051
0.00048
0.00026
0.00071
0.00052
0.00027
0.00026
0.00063
0.00026
0.00066
0.00027
0.00038
0.00049
0.00104
0.00079
0.00457
0.00071
0.00040
0.00159
0.00026
0.00071
0.00026
0.00333
0.00026
0.00026
0.00325
0.00059
0.00026
0.00262
0.00029
0.00060
0.00046
0.00032
0.00026
0.00026
0.00026
0.00027
0.00026
0.00026
0.00026
0.00026
0.00026
0.00026
0.00026
0.00026
0.00026
0.00026
0.00026
0.00026
0.00026
0.00040
0.00026
0.00026
0.00027
0.00027
0.00026
0.00026
0.00026
0.00026
0.00026
0.00026
0.00026
0.00026
0.00026
0.00026
0.00026
0.00026
0.00042
0.00127
0.00031
0.00042
0.00030
0.00120
0.00117
0.00026
0.00026
0.00026
0.00026
0.00026
0.00026
0.00026
0.00026
0.00026
0.00026
0.00026
0.00026
0.00026
0.00026
0.00026
0.00026
0.00026
0.00026
0.00026
0.00026
0.00027
0.00076
0.00026
0.00026
0.00026
0.00026
0.00026
0.00128
0.00128
0.00128
0.00128
0.00128
0.00132
0.00128
0.00128
0.00128
0.00128
0.00199
0.00128
0.00128
0.00128
0.00128
0.00128
0.00220
0.00026
0.00026
0.00026
0.00026
0.00027
0.00026
0.00026
0.00026
0.00026
0.00026
0.00026
0.00026
0.00026
0.00026
0.00034
0.00026
0.00026
0.00026
0.00026
0.00026
0.00026
0.00026
0.00026
0.00026
0.00026
0.00026
0.00026
0.00026
0.00254
0.00130
0.00130
0.00140
0.00095
0.00026
0.00026
0.00026
0.00026
0.00026
0.00026
0.00026
0.00026
0.00027
0.00026
0.00026
0.00026
0.00056
0.00026
0.00026
0.00026
0.00026
0.00026
0.00026
0.00026
0.00026
0.00026
0.00026
0.00148
0.00096
0.00224
0.00109
0.00070
0.00026
0.00026
0.00026
0.00032
0.00034
0.00026
0.00026
0.00026
0.00027
0.00026
0.00026
0.00026
0.00026
0.00026
0.00026
0.00026
0.00026
0.00026
0.00026
0.00026
0.00026
0.00026
0.00073
0.00026
0.00026
0.00026
0.00026
0.00026
0.00026
0.00052
0.00048
0.00029
0.00284
0.00026
0.00270
0.00026
0.00026
0.00026
0.00026
0.00026
0.00026
0.00026
0.00026
0.00037
0.00026
0.00026
0.00026
0.00026
0.00026
0.00026
0.00026
0.00026
0.00026
0.00026
0.00026
0.00026
0.00026
0.00026
0.00026
0.00026
0.00026
0.00026
0.00026
0.00026
0.00026
0.00026
0.00026
0.00026
0.00026
0.00026
0.00026
0.00027
0.00026
0.00026
0.00026
0.00070
0.00026
0.00026
0.00026
0.00026
0.00026
0.00026
0.00048
0.00026
0.00026
0.00026
0.00095
0.00163
0.00037
0.00053
0.00179
0.00076
0.00044
0.00037
0.00058
0.00181
0.00043
0.00050
0.00044
0.00045
0.00172
0.00077
0.00045
0.00026
0.00026
0.00026
0.00026
0.00026
0.00026
0.00026
0.00026
0.00028
0.00026
0.00026
0.00026
0.00026
0.00026
0.00026
0.00026
0.00026
0.00026
0.00026
0.00026
0.00026
0.00026
0.00026
0.00032
0.00026
0.00026
0.00026
0.00026
0.00026
0.00032
0.00037
0.00027
0.00027
0.00026
0.00039
0.00044
0.00026
0.00026
0.00026
0.00026
0.00026
0.00026
0.00041
0.00027
0.00026
0.00026
0.00026
0.00026
0.00063
0.00026
0.00026
0.00026
0.00026
0.00026
0.00044
0.00026
0.00026
0.00026
0.00026
0.00026
0.00026
0.00026
0.00026
0.00026
0.00026
0.00027
0.00030
0.00204
0.00206
0.00026
0.00026
0.00026
0.00026
0.00026
0.00026
0.00026
0.00026
0.00026
0.00026
0.00026
0.00026
0.00026
0.00026
0.00026
0.00026
0.00032
0.00026
0.00026
0.00027
0.00026
0.00026
0.00175
0.00079
0.00091
0.00026
0.00026
0.00026
0.00026
0.00026
0.00026
0.00039
0.00026
0.00026
0.00026
0.00026
0.00026
0.00026
0.00026
0.00026
0.00026
0.00026
0.00036
0.00026
0.00026
0.00038
0.00058
0.00288
0.00054
0.00059
0.00099
0.00223
0.00058
0.00054
0.00026
0.00026
0.00026
0.00031
0.00026
0.00026
0.00026
0.00026
0.00026
0.00026
0.00026
0.00026
0.00026
0.00026
0.00026
0.00026
0.00202
0.00128
0.00090
0.00203
0.00035
0.00027
0.00026
0.00026
0.00028
0.00042
0.00026
0.00026
0.00026
0.00026
0.00026
0.00026
0.00054
0.00026
0.00026
0.00026
0.00026
0.00026
0.00042
0.00051
0.00051
0.00026
0.00026
0.00026
0.00026
0.00026
0.00026
0.00026
0.00026
0.00029
0.00026
0.00033
0.00026
0.00026
0.00026
0.00026
0.00027
0.00026
0.00026
0.00037
0.00171
0.00161
0.00137
0.00183
0.00026
0.00026
0.00026
0.00067
0.00106
0.00046
0.00026
0.00061
0.00026
0.00026
0.00026
0.00026
0.00026
0.00067
0.00067
0.00026
0.00067
0.00026
0.00026
0.00026
0.00233
0.00026
0.00026
0.00026
0.00031
0.00047
0.00027
0.00026
0.00026
0.00026
0.00026
0.00026
0.00026
0.00026
0.00031
0.00026
0.00026
0.00026
0.00026
0.00027
0.00096
0.00096
0.00026
0.00026
0.00026
0.00026
0.00026
0.00029
0.00026
0.00026
0.00026
0.00026
0.00026
0.00027
0.00471
0.00026
0.00026
0.00026
0.00026
0.00027
0.00026
0.00026
0.00026
0.00026
0.00026
0.00056
0.00275
0.00026
0.00026
0.00026
0.00026
0.00027
0.00026
0.00026
0.00026
0.00026
0.00026
0.00036
0.00026
0.00026
0.00026
0.00026
0.00026
0.00026
0.00029
0.00026
0.00026
0.00026
0.00026
0.00028
0.00027
0.00026
0.00026
0.02385
0.00033
0.00033
0.00027
0.00094
0.00037
0.00063
0.00154
0.00061
0.00049
0.00041
0.00053
0.00052
0.00032
0.00026
0.00057
0.00026
0.00026
0.00026
0.00026
0.00027
0.00027
0.00026
0.00026
0.00034
0.00026
0.00029
0.00026
0.00027
0.00026
0.00027
0.00026
0.00026
0.00026
0.00026
0.00026
0.00026
0.00026
0.00026
0.00026
0.00026
0.00026
0.00027
0.00026
0.00028
0.00026
0.00026
0.00026
0.00026
0.00026
0.00027
0.00036
0.00036
0.00031
0.00026
0.00026
0.00026
0.00026
0.00937
0.00946
0.00033
0.00033
0.00026
0.00026
0.00026
0.00026
0.00026
0.00026
0.00026
0.00026
0.00026
0.00026
0.00026
0.00026
0.00026
0.00026
0.00026
0.00026
0.00026
0.00026
0.00026
0.00026
0.00026
0.00026
0.00103
0.00032
0.00042
0.00032
0.00040
0.00084
0.00071
0.00033
0.00029
0.00029
0.00103
0.00041
0.00097
0.00029
0.00029
0.00026
0.00026
0.00026
0.00026
0.00026
0.00044
0.00026
0.00026
0.00037
0.00026
0.00026
0.00026
0.00026
0.00026
0.00026
0.00026
0.00034
0.00028
0.00026
0.00026
0.00029
0.00029
0.00097
0.00028
0.00055
0.00037
0.00041
0.00028
0.00123
0.00028
0.00078
0.00026
0.00067
0.00026
0.00026
0.00027
0.00030
0.00030
0.00030
0.00058
0.00030
0.00111
0.00026
0.00026
0.00026
0.00026
0.00026
0.00026
0.00026
0.00097
0.00039
0.00026
0.00037
0.00026
0.00026
0.00027
0.00026
0.00026
0.00026
0.00026
0.00026
0.00037
0.00036
0.00202
0.00026
0.00026
0.00026
0.00026
0.00026
0.00026
0.00029
0.00042
0.00033
0.00080
0.00064
0.00029
0.00039
0.00026
0.00087
0.00026
0.00032
0.00026
0.00026
0.00026
0.00026
0.00026
0.00026
0.00026
0.00048
0.00026
0.00026
0.00026
0.00026
0.00026
0.00026
0.00026
0.00026
0.00026
0.00026
0.00026
0.00026
0.00026
0.00028
0.00039
0.00039
0.00028
0.00052
0.00061
0.00180
0.00091
0.00028
0.00039
0.00039
0.00039
0.00026
0.00026
0.00060
0.00055
0.00067
0.00154
0.00095
0.00101
0.00037
0.00032
0.00055
0.00026
0.00026
0.00026
0.00026
0.00026
0.00026
0.00026
0.00026
0.00026
0.00026
0.00026
0.00043
0.00026
0.00026
0.00026
0.00237
0.00190
0.00026
0.00026
0.00056
0.00026
0.00026
0.00026
0.00026
0.00026
0.00026
0.00026
0.00026
0.00026
0.00026
0.00026
0.00078
0.00026
0.00105
0.00034
0.00031
0.00026
0.00026
0.00026
0.00026
0.00026
0.00032
0.00041
0.00041
0.00041
0.00026
0.00026
0.00026
0.00026
0.00026
0.00026
0.00026
0.00026
0.00026
0.00084
0.00058
0.00060
0.00026
0.00026
0.00026
0.00026
0.00026
0.00026
0.00026
0.00026
0.00027
0.00032
0.00026
0.00026
0.00026
0.00028
0.00027
0.00027
0.00027
0.00035
0.00027
0.00030
0.00027
0.00027
0.00027
0.00027
0.00027
0.00027
0.00248
0.00027
0.00131
0.00083
0.00026
0.00026
0.00026
0.00026
0.00414
0.02754
0.00027
0.00027
0.00027
0.00027
0.00027
0.00027
0.00027
0.00027
0.00027
0.00027
0.00027
0.00027
0.00027
0.00027
0.00027
0.00027
0.00027
0.00027
0.00027
0.00027
0.00027
0.00027
0.00027
0.00027
0.00027
0.00027
0.00027
0.00027
0.00027
0.00027
0.00027
0.00027
0.00027
0.00027
0.00027
0.00027
0.00027
0.00027
0.00027
0.00027
0.00027
0.00027
0.00027
0.00027
0.00027
0.00027
0.00027
0.00027
0.00027
0.00027
0.00027
0.00027
0.00027
0.00027
0.00027
0.00027
0.00027
0.00027
0.00027
0.00027
0.00027
0.00027
0.00027
0.00027
0.00027
0.00027
0.00027
0.00027
0.00027
0.00027
0.00027
0.00027
0.00027
0.00027
0.00027
0.00027
0.00027
0.00027
0.00027
0.00027
0.00027
0.00027
0.00026
0.00026
0.00052
0.00026
0.00026
0.00031
0.00026
0.00026
0.00026
0.00026
0.00026
0.00026
0.00037
0.00029
0.00040
0.00026
0.00033
0.00037
0.00041
0.00033
0.00049
0.00074
0.00235
0.00175
0.00335
0.00026
0.00026
0.00026
0.00026
0.00026
0.00026
0.00071
0.00026
0.00026
0.00032
0.00026
0.00026
0.00026
0.00026
0.00029
0.00046
0.00037
0.00026
0.00026
0.00026
0.00026
0.00026
0.00026
0.00028
0.00042
0.00032
0.00035
0.00055
0.00053
0.00066
0.00026
0.00027
0.00026
0.00026
0.00069
0.00027
0.00093
0.00265
0.00026
0.00026
0.00131
0.00137
0.00026
0.00105
0.00104
0.00104
0.00026
0.00026
0.00026
0.00026
0.00026
0.00026
0.00026
0.00026
0.00026
0.00027
0.00026
0.00026
0.00026
0.00026
0.00026
0.00029
0.00029
0.00029
0.00029
0.00029
0.00049
0.00036
0.00123
0.00026
0.00065
0.00054
0.00032
0.00026
0.00026
0.00026
0.00026
0.00026
0.00026
0.00026
0.00026
0.00032
0.00027
0.00049
0.00030
0.00029
0.00033
0.00028
0.00028
0.00028
0.00027
0.00028
0.00031
0.00031
0.00038
0.00036
0.00029
0.00033
0.00031
0.00027
0.00027
0.00027
0.00027
0.00027
0.00027
0.00027
0.00060
0.00026
0.00026
0.00026
0.00029
0.00539
0.00485
0.00026
0.00026
0.00385
0.00026
0.00179
0.00026
0.00026
0.00063
0.00026
0.00034
0.00026
0.00034
0.00026
0.00026
0.00026
0.00068
0.00090
0.00105
0.00026
0.00026
0.00026
0.00080
0.00026
0.00026
0.00026
0.00041
0.00082
0.00065
0.00031
0.00065
0.00031
0.00031
0.00440
0.00029
0.00151
0.00035
0.00027
0.00028
0.00111
0.00199
0.00043
0.00028
0.00026
0.00027
0.00026
0.00030
0.00030
0.00029
0.00030
0.00049
0.00053
0.00033
0.00042
0.00030
0.00030
0.00033
0.00060
0.00070
0.00037
0.00028
0.00026
0.00026
0.00047
0.00034
0.00027
0.00055
0.00026
0.00048
0.00026
0.00026
0.00026
0.00026
0.00026
0.00026
0.00026
0.00026
0.00026
0.00026
0.00026
0.00026
0.00149
0.00026
0.00026
0.00026
0.00282
0.00026
0.00081
0.00236
0.00220
0.00054
0.00070
0.00070
0.00234
0.00070
0.00070
0.00070
0.00028
0.00028
0.00028
0.00075
0.00028
0.00028
0.00029
0.00028
0.00028
0.00070
0.00070
0.00070
0.00070
0.00070
0.00067
0.00026
0.00083
0.00026
0.00085
0.00026
0.00038
0.00038
0.00032
0.00032
0.00026
0.00030
0.00026
0.00026
0.00040
0.00040
0.00040
0.00026
0.00033
0.00026
0.00037
0.00026
0.00026
0.00026
0.00026
0.00032
0.00026
0.00026
0.00026
0.00026
0.00038
0.00028
0.00028
0.00028
0.00067
0.00028
0.00029
0.00045
0.00028
0.00028
0.00124
0.00029
0.00027
0.00027
0.00027
0.00027
0.00027
0.00027
0.00027
0.00026
0.00081
0.00040
0.00064
0.00028
0.00026
0.00026
0.00026
0.00026
0.00026
0.00038
0.00226
0.00027
0.00042
0.00030
0.00047
0.00027
0.00027
0.00035
0.00077
0.00027
0.00028
0.00027
0.00067
0.00079
0.00056
0.00056
0.00027
0.00026
0.00115
0.00026
0.00026
0.00026
0.00026
0.00058
0.00045
0.00098
0.00098
0.00026
0.00026
0.00026
0.00026
0.00026
0.00169
0.00026
0.00035
0.00035
0.00035
0.00035
0.00026
0.00026
0.00026
0.00026
0.00026
0.00048
0.00026
0.00026
0.00027
0.00026
0.00034
0.00026
0.00048
0.00026
0.00026
0.00026
0.00209
0.00026
0.00026
0.00026
0.00026
0.00026
0.00250
0.00026
0.00036
0.00029
0.00026
0.00026
0.00027
0.00026
0.00026
0.00026
0.00026
0.00067
0.00026
0.00132
0.00026
0.00039
0.00027
0.00121
0.00028
0.00027
0.00026
0.00026
0.00026
0.00028
0.00026
0.00026
0.00026
0.00026
0.00026
0.00026
0.00026
0.00026
0.00026
0.00026
0.00026
0.00026
0.00026
0.00034
0.00026
0.00026
0.00026
0.00026
0.00026
0.00031
0.00026
0.00026
0.00026
0.00026
0.00026
0.00026
0.00026
0.00026
0.00026
0.00026
0.00026
0.00026
0.00034
0.00031
0.00031
0.00031
0.00031
0.00031
0.00026
0.00308
0.00028
0.00026
0.00026
0.00026
0.00027
0.00026
0.00026
0.00026
0.00030
0.00026
0.00026
0.00046
0.00026
0.00348
0.00106
0.00026
0.00026
0.00026
0.00026
0.00026
0.00144
0.00026
0.00026
0.00026
0.00026
0.00026
0.00026
0.00026
0.00026
0.00026
0.00026
0.00026
0.00083
0.00047
0.00047
0.00057
0.00042
0.00026
0.00057
0.00057
0.00026
0.00029
0.00026
0.00026
0.00026
0.00026
0.00026
0.00026
0.00026
0.00058
0.00031
0.00075
0.00034
0.00034
0.00040
0.00026
0.00028
0.00028
0.00028
0.00028
0.00028
0.00035
0.00028
0.00028
0.00028
0.00028
0.00052
0.00028
0.00028
0.00028
0.00028
0.00028
0.00028
0.00028
0.00034
0.00033
0.00026
0.00026
0.00026
0.00026
0.00026
0.00032
0.00065
0.00042
0.00032
0.00043
0.00032
0.00026
0.00026
0.00026
0.00026
0.00026
0.00026
0.00040
0.00046
0.00099
0.00040
0.00040
0.00026
0.00026
0.00026
0.00026
0.00114
0.00058
0.00108
0.00166
0.00056
0.00046
0.00054
0.00046
0.00026
0.00026
0.00026
0.00026
0.00026
0.00030
0.00026
0.00026
0.00026
0.00026
0.00026
0.00030
0.00030
0.00030
0.00742
0.00031
0.00030
0.00039
0.00066
0.00026
0.00061
0.00061
0.00062
0.00049
0.00049
0.00049
0.00049
0.00049
0.00049
0.00049
0.00049
0.00049
0.00049
0.00060
0.00064
0.00202
0.00064
0.00039
0.00039
0.00066
0.00054
0.00041
0.00052
0.00042
0.00193
0.00039
0.00040
0.00037
0.00037
0.00070
0.00054
0.00037
0.00037
0.00154
0.00039
0.00039
0.00045
0.00114
0.00064
0.00073
0.00063
0.00069
0.00069
0.00069
0.00057
0.00039
0.00077
0.00054
0.00043
0.00040
0.00043
0.00189
0.00039
0.00037
0.00049
0.00037
0.00160
0.00044
0.00039
0.00196
0.00057
0.00026
0.00026
0.00026
0.00026
0.00026
0.00026
0.00026
0.00026
0.00034
0.00026
0.00026
0.00029
0.00037
0.00073
0.00034
0.00034
0.00034
0.00034
0.00034
0.00034
0.00034
0.00028
0.00034
0.00028
0.00028
0.00028
0.00028
0.00028
0.00028
0.00028
0.00028
0.00081
0.00034
0.00034
0.00034
0.00034
0.00034
0.00034
0.00034
0.00034
0.00034
0.00034
0.00034
0.00034
0.00034
0.00034
0.00026
0.00026
0.00030
0.00031
0.00035
0.00031
0.00031
0.00035
0.00036
0.00036
0.00036
0.00036
0.00036
0.00036
0.00036
0.00036
0.00067
0.00200
0.00036
0.00036
0.00036
0.00067
0.00054
0.00036
0.00036
0.00036
0.00036
0.00036
0.00036
0.00036
0.00036
0.00026
0.00026
0.00026
0.00026
0.00026
0.00026
0.00026
0.00026
0.00026
0.00026
0.00026
0.00026
0.00026
0.00026
0.00026
0.00026
0.00026
0.00050
0.00027
0.00026
0.00027
0.00061
0.00027
0.00027
0.00027
0.00027
0.00030
0.00030
0.00027
0.00027
0.00027
0.00027
0.00027
0.00027
0.00027
0.00027
0.00027
0.00027
0.00027
0.00027
0.00030
0.00027
0.00027
0.00030
0.00030
0.00048
0.00042
0.00065
0.00049
0.00042
0.00043
0.00043
0.00138
0.00080
0.00108
0.00042
0.00108
0.00042
0.00047
0.00026
0.00026
0.00026
0.00046
0.00082
0.00026
0.00026
0.00026
0.00026
0.00026
0.00029
0.00030
0.00036
0.00125
0.00026
0.00026
