0.09569
47 (48) [R]
http://www.4greatbooks.com/abortion-books.htm
Abortion Books Pro and Con
0 27

0.09428
1005 (1232) [O]
http://www.youdebate.com/government.htm
Government Debates and Polls
0 10


0.09428
1006 (1233) [O]
http://www.youdebate.com/POLITICS.htm
Political Debates and Polls
0 10

0.09428
1020 (1247) [O]
http://www.youdebate.com/UNITEDSTATES.htm
United States debates
0 10

0.09410
1019 (1246) [O]
http://www.youdebate.com/Presidentialcontenders.htm
Presidential Contenders Debates and Polls
1 10
